<?xml version="1.0" encoding="UTF-8"?>
<!-- Generated by org.testng.reporters.JUnitReportReporter -->
<testsuite hostname="DESKTOP-5966DD6" failures="0" tests="1" name="testcase.AddItemToCart" time="64.566" errors="0" timestamp="2024-04-03T13:59:53 IST" skipped="0">
  <testcase classname="testcase.AddItemToCart" name="addItemToCart" time="64.566"/>
</testsuite> <!-- testcase.AddItemToCart -->
