<?xml version="1.0" encoding="UTF-8"?>
<!-- Generated by org.testng.reporters.JUnitReportReporter -->
<testsuite hostname="DESKTOP-5966DD6" failures="0" tests="1" name="testcase.Sign_in" time="11.400" errors="0" timestamp="2024-04-03T13:02:21 IST" skipped="0">
  <testcase classname="testcase.Sign_in" name="signin" time="11.400"/>
</testsuite> <!-- testcase.Sign_in -->
